1692251684991	geckodriver	INFO	Listening on 127.0.0.1:51347
1692251685202	mozrunner::runner	INFO	Running command: MOZ_CRASHREPORTER="1" MOZ_CRASHREPORTER_NO_REPORT="1" MOZ_CRASHREPORTER_SHUTDOWN="1" MOZ_NO_REMOTE="1" "/App ... s" "localhost" "-foreground" "-no-remote" "-profile" "/var/folders/r3/c65jq73s6p7596zjs5j0df8r0000gr/T/rust_mozprofilecXZ2ee"
1692251702240	geckodriver	INFO	Listening on 127.0.0.1:51375
1692251702747	mozrunner::runner	INFO	Running command: MOZ_CRASHREPORTER="1" MOZ_CRASHREPORTER_NO_REPORT="1" MOZ_CRASHREPORTER_SHUTDOWN="1" MOZ_NO_REMOTE="1" "/App ... s" "localhost" "-foreground" "-no-remote" "-profile" "/var/folders/r3/c65jq73s6p7596zjs5j0df8r0000gr/T/rust_mozprofile8fBENl"
console.warn: services.settings: Ignoring preference override of remote settings server
console.warn: services.settings: Allow by setting MOZ_REMOTE_SETTINGS_DEVTOOLS=1 in the environment
1692251703534	Marionette	INFO	Marionette enabled
console.error: "Warning: unrecognized command line flag -remote-allow-hosts\n"
1692251704839	Marionette	INFO	Listening on port 51381
Read port: 51381
WebDriver BiDi listening on ws://127.0.0.1:51376
1692251704987	RemoteAgent	WARN	TLS certificate errors will be ignored for this session
UNSUPPORTED (log once): POSSIBLE ISSUE: unit 1 GLD_TEXTURE_INDEX_2D is unloadable and bound to sampler type (Float) - using zero texture because texture unloadable
DevTools listening on ws://127.0.0.1:51376/devtools/browser/3e50cf93-19a5-41dd-9872-1ab18031f708
JavaScript error: chrome://extensions/content/parent/ext-tabs-base.js, line 295: Error: Not implemented
JavaScript error: chrome://extensions/content/parent/ext-tabs-base.js, line 295: Error: Not implemented
A content process crashed and MOZ_CRASHREPORTER_SHUTDOWN is set, shutting down
1692251708516	Marionette	INFO	Stopped listening on port 51381
A content process crashed and MOZ_CRASHREPORTER_SHUTDOWN is set, shutting down
A content process crashed and MOZ_CRASHREPORTER_SHUTDOWN is set, shutting down
A content process crashed and MOZ_CRASHREPORTER_SHUTDOWN is set, shutting down
console.warn: TopSitesFeed: Failed to fetch data from Contile server: NetworkError when attempting to fetch resource.
JavaScript error: resource://services-settings/Utils.sys.mjs, line 229: TypeError: NetworkError: Network request failed
WebDriver BiDi listening on ws://127.0.0.1:51348
UNSUPPORTED (log once): POSSIBLE ISSUE: unit 1 GLD_TEXTURE_INDEX_2D is unloadable and bound to sampler type (Float) - using zero texture because texture unloadable
DevTools listening on ws://127.0.0.1:51348/devtools/browser/669a2acd-c9f8-419f-a2ae-424b2c2f418d
1692251882851	geckodriver	INFO	Listening on 127.0.0.1:51495
1692251883372	mozrunner::runner	INFO	Running command: MOZ_CRASHREPORTER="1" MOZ_CRASHREPORTER_NO_REPORT="1" MOZ_CRASHREPORTER_SHUTDOWN="1" MOZ_NO_REMOTE="1" "/App ... s" "localhost" "-foreground" "-no-remote" "-profile" "/var/folders/r3/c65jq73s6p7596zjs5j0df8r0000gr/T/rust_mozprofileG9N4Qd"
console.warn: services.settings: Ignoring preference override of remote settings server
console.warn: services.settings: Allow by setting MOZ_REMOTE_SETTINGS_DEVTOOLS=1 in the environment
1692251883891	Marionette	INFO	Marionette enabled
console.error: "Warning: unrecognized command line flag" "-detach"
1692251884071	Marionette	INFO	Listening on port 51505
WebDriver BiDi listening on ws://127.0.0.1:51496
Read port: 51505
1692251884202	RemoteAgent	WARN	TLS certificate errors will be ignored for this session
UNSUPPORTED (log once): POSSIBLE ISSUE: unit 1 GLD_TEXTURE_INDEX_2D is unloadable and bound to sampler type (Float) - using zero texture because texture unloadable
DevTools listening on ws://127.0.0.1:51496/devtools/browser/78635b2b-62b5-44f5-b87f-0ec59f3af336
1692254252681	geckodriver	INFO	Listening on 127.0.0.1:52130
1692254253117	mozrunner::runner	INFO	Running command: MOZ_CRASHREPORTER="1" MOZ_CRASHREPORTER_NO_REPORT="1" MOZ_CRASHREPORTER_SHUTDOWN="1" MOZ_NO_REMOTE="1" "/App ... s" "localhost" "-foreground" "-no-remote" "-profile" "/var/folders/r3/c65jq73s6p7596zjs5j0df8r0000gr/T/rust_mozprofileGtNsSr"
console.warn: services.settings: Ignoring preference override of remote settings server
console.warn: services.settings: Allow by setting MOZ_REMOTE_SETTINGS_DEVTOOLS=1 in the environment
1692254253863	Marionette	INFO	Marionette enabled
console.error: "Warning: unrecognized command line flag" "-detach"
1692254254035	Marionette	INFO	Listening on port 52136
Read port: 52136
WebDriver BiDi listening on ws://127.0.0.1:52131
1692254254088	RemoteAgent	WARN	TLS certificate errors will be ignored for this session
UNSUPPORTED (log once): POSSIBLE ISSUE: unit 1 GLD_TEXTURE_INDEX_2D is unloadable and bound to sampler type (Float) - using zero texture because texture unloadable
DevTools listening on ws://127.0.0.1:52131/devtools/browser/9da895b0-24bc-47b1-b1b5-27ffe1ed061b
1692254259223	Marionette	WARN	Ignoring event 'DOMContentLoaded' because document has an invalid readyState of 'complete'.
1692254310081	Marionette	INFO	Stopped listening on port 52136
console.warn: TopSitesFeed: Failed to fetch data from Contile server: NetworkError when attempting to fetch resource.
1692254319190	Marionette	INFO	Stopped listening on port 51505
1692255181306	geckodriver	INFO	Listening on 127.0.0.1:52484
1692255181825	mozrunner::runner	INFO	Running command: MOZ_CRASHREPORTER="1" MOZ_CRASHREPORTER_NO_REPORT="1" MOZ_CRASHREPORTER_SHUTDOWN="1" MOZ_NO_REMOTE="1" "/App ... s" "localhost" "-foreground" "-no-remote" "-profile" "/var/folders/r3/c65jq73s6p7596zjs5j0df8r0000gr/T/rust_mozprofileDSHsHp"
console.warn: services.settings: Ignoring preference override of remote settings server
console.warn: services.settings: Allow by setting MOZ_REMOTE_SETTINGS_DEVTOOLS=1 in the environment
1692255182467	Marionette	INFO	Marionette enabled
console.error: "Warning: unrecognized command line flag" "-detach"
1692255182639	Marionette	INFO	Listening on port 52490
Read port: 52490
WebDriver BiDi listening on ws://127.0.0.1:52485
1692255182694	RemoteAgent	WARN	TLS certificate errors will be ignored for this session
UNSUPPORTED (log once): POSSIBLE ISSUE: unit 1 GLD_TEXTURE_INDEX_2D is unloadable and bound to sampler type (Float) - using zero texture because texture unloadable
DevTools listening on ws://127.0.0.1:52485/devtools/browser/4aef1a98-dc23-452c-b38e-a40674d4b780
1692255188190	Marionette	WARN	Ignoring event 'DOMContentLoaded' because document has an invalid readyState of 'complete'.
console.warn: LoginRecipes: "Falling back to a synchronous message for: https://publicwww.com."
console.warn: LoginRecipes: "Falling back to a synchronous message for: https://publicwww.com."
1692255395055	geckodriver	INFO	Listening on 127.0.0.1:52558
1692255395574	mozrunner::runner	INFO	Running command: MOZ_CRASHREPORTER="1" MOZ_CRASHREPORTER_NO_REPORT="1" MOZ_CRASHREPORTER_SHUTDOWN="1" MOZ_NO_REMOTE="1" "/App ... s" "localhost" "-foreground" "-no-remote" "-profile" "/var/folders/r3/c65jq73s6p7596zjs5j0df8r0000gr/T/rust_mozprofilea7VbAv"
console.warn: services.settings: Ignoring preference override of remote settings server
console.warn: services.settings: Allow by setting MOZ_REMOTE_SETTINGS_DEVTOOLS=1 in the environment
1692255396259	Marionette	INFO	Marionette enabled
console.error: "Warning: unrecognized command line flag" "-detach"
1692255396454	Marionette	INFO	Listening on port 52565
WebDriver BiDi listening on ws://127.0.0.1:52559
Read port: 52565
1692255396612	RemoteAgent	WARN	TLS certificate errors will be ignored for this session
UNSUPPORTED (log once): POSSIBLE ISSUE: unit 1 GLD_TEXTURE_INDEX_2D is unloadable and bound to sampler type (Float) - using zero texture because texture unloadable
DevTools listening on ws://127.0.0.1:52559/devtools/browser/317441c5-3d0c-41b2-8a33-eed99ff5bb78
JavaScript error: , line 0: NotFoundError: No such JSWindowActor 'DevToolsFrame'
1692255401276	Marionette	WARN	Ignoring event 'DOMContentLoaded' because document has an invalid readyState of 'complete'.
console.warn: LoginRecipes: "Falling back to a synchronous message for: https://publicwww.com."
console.warn: LoginRecipes: "Falling back to a synchronous message for: https://publicwww.com."
1692255407896	Marionette	INFO	Stopped listening on port 52490
1692256983324	geckodriver	INFO	Listening on 127.0.0.1:52774
1692256983846	mozrunner::runner	INFO	Running command: MOZ_CRASHREPORTER="1" MOZ_CRASHREPORTER_NO_REPORT="1" MOZ_CRASHREPORTER_SHUTDOWN="1" MOZ_NO_REMOTE="1" "/App ... s" "localhost" "-foreground" "-no-remote" "-profile" "/var/folders/r3/c65jq73s6p7596zjs5j0df8r0000gr/T/rust_mozprofile272HW6"
console.warn: services.settings: Ignoring preference override of remote settings server
console.warn: services.settings: Allow by setting MOZ_REMOTE_SETTINGS_DEVTOOLS=1 in the environment
1692256984572	Marionette	INFO	Marionette enabled
console.error: "Warning: unrecognized command line flag" "-detach"
1692256985077	Marionette	INFO	Listening on port 52781
Read port: 52781
WebDriver BiDi listening on ws://127.0.0.1:52775
1692256985284	RemoteAgent	WARN	TLS certificate errors will be ignored for this session
UNSUPPORTED (log once): POSSIBLE ISSUE: unit 1 GLD_TEXTURE_INDEX_2D is unloadable and bound to sampler type (Float) - using zero texture because texture unloadable
DevTools listening on ws://127.0.0.1:52775/devtools/browser/d4960b4a-a0b9-4543-8a7d-f34e5959b779
1692256989509	Marionette	WARN	Ignoring event 'DOMContentLoaded' because document has an invalid readyState of 'complete'.
console.warn: LoginRecipes: "Falling back to a synchronous message for: https://publicwww.com."
console.warn: LoginRecipes: "Falling back to a synchronous message for: https://publicwww.com."
JavaScript error: https://publicwww.com/cluster/, line 121: TypeError: el.id is undefined
JavaScript error: https://publicwww.com/cluster/, line 152: TypeError: el.id is undefined
JavaScript error: https://publicwww.com/cluster/, line 152: TypeError: el.id is undefined
JavaScript error: https://publicwww.com/cluster/, line 152: TypeError: el.id is undefined
console.error: "isValidHoverTarget rejected with unexpected reason:"
console.error: (new TypeError("rule is undefined", "resource://devtools/client/inspector/rules/utils/utils.js", 192))
console.error: "isValidHoverTarget rejected with unexpected reason:"
console.error: (new TypeError("rule is undefined", "resource://devtools/client/inspector/rules/utils/utils.js", 192))
2023-08-17 00:27:59.602 firefox[96175:10261268] +[CATransaction synchronize] called within transaction
JavaScript error: https://publicwww.com/cluster/, line 165: TypeError: el.id is undefined
JavaScript error: https://publicwww.com/cluster/, line 165: TypeError: el.id is undefined
2023-08-17 00:31:47.991 firefox[96175:10261268] +[CATransaction synchronize] called within transaction
JavaScript error: https://publicwww.com/cluster/, line 152: TypeError: el.id is undefined
JavaScript error: https://publicwww.com/cluster/, line 152: TypeError: el.id is undefined
JavaScript error: https://publicwww.com/cluster/, line 217: TypeError: el.id is undefined
1692305880762	Marionette	INFO	Stopped listening on port 52565
console.warn: TopSitesFeed: Failed to fetch data from Contile server: NetworkError when attempting to fetch resource.
1692305882787	Marionette	INFO	Stopped listening on port 52781
JavaScript error: https://publicwww.com/cluster/, line 152: TypeError: el.id is undefined
JavaScript error: , line 0: NotFoundError: No such JSWindowActor 'DevToolsFrame'
1692305912923	geckodriver	INFO	Listening on 127.0.0.1:57673
1692305913441	mozrunner::runner	INFO	Running command: MOZ_CRASHREPORTER="1" MOZ_CRASHREPORTER_NO_REPORT="1" MOZ_CRASHREPORTER_SHUTDOWN="1" MOZ_NO_REMOTE="1" "/App ... s" "localhost" "-foreground" "-no-remote" "-profile" "/var/folders/r3/c65jq73s6p7596zjs5j0df8r0000gr/T/rust_mozprofileTp1gja"
console.warn: services.settings: Ignoring preference override of remote settings server
console.warn: services.settings: Allow by setting MOZ_REMOTE_SETTINGS_DEVTOOLS=1 in the environment
1692305913861	Marionette	INFO	Marionette enabled
console.error: "Warning: unrecognized command line flag" "-detach"
1692305914138	Marionette	INFO	Listening on port 57714
WebDriver BiDi listening on ws://127.0.0.1:57674
Read port: 57714
1692305914273	RemoteAgent	WARN	TLS certificate errors will be ignored for this session
UNSUPPORTED (log once): POSSIBLE ISSUE: unit 1 GLD_TEXTURE_INDEX_2D is unloadable and bound to sampler type (Float) - using zero texture because texture unloadable
DevTools listening on ws://127.0.0.1:57674/devtools/browser/93f0c500-91f5-467a-9518-0ad404a2a3e2
1692305917796	Marionette	WARN	Ignoring event 'DOMContentLoaded' because document has an invalid readyState of 'complete'.
console.warn: LoginRecipes: "Falling back to a synchronous message for: https://publicwww.com."
console.warn: LoginRecipes: "Falling back to a synchronous message for: https://publicwww.com."
JavaScript error: https://publicwww.com/cluster/, line 152: TypeError: el.id is undefined
1692305941292	Marionette	INFO	Stopped listening on port 57714
JavaScript error: https://publicwww.com/cluster/, line 152: TypeError: el.id is undefined
JavaScript error: , line 0: NotFoundError: No such JSWindowActor 'DevToolsFrame'
JavaScript error: , line 0: NotFoundError: No such JSWindowActor 'DevToolsFrame'
1692305941873	geckodriver::marionette	ERROR	Failed to close browser connection: Socket is not connected (os error 57)
1692306020446	geckodriver	INFO	Listening on 127.0.0.1:58529
1692306020965	mozrunner::runner	INFO	Running command: MOZ_CRASHREPORTER="1" MOZ_CRASHREPORTER_NO_REPORT="1" MOZ_CRASHREPORTER_SHUTDOWN="1" MOZ_NO_REMOTE="1" "/App ... s" "localhost" "-foreground" "-no-remote" "-profile" "/var/folders/r3/c65jq73s6p7596zjs5j0df8r0000gr/T/rust_mozprofilewd0vuM"
console.warn: services.settings: Ignoring preference override of remote settings server
console.warn: services.settings: Allow by setting MOZ_REMOTE_SETTINGS_DEVTOOLS=1 in the environment
1692306021364	Marionette	INFO	Marionette enabled
console.error: "Warning: unrecognized command line flag" "-detach"
1692306021488	Marionette	INFO	Listening on port 58537
Read port: 58537
WebDriver BiDi listening on ws://127.0.0.1:58530
1692306021683	RemoteAgent	WARN	TLS certificate errors will be ignored for this session
UNSUPPORTED (log once): POSSIBLE ISSUE: unit 1 GLD_TEXTURE_INDEX_2D is unloadable and bound to sampler type (Float) - using zero texture because texture unloadable
DevTools listening on ws://127.0.0.1:58530/devtools/browser/d7af9d27-8403-4e3f-a086-ce64f0bdbd90
1692306024696	Marionette	WARN	Ignoring event 'DOMContentLoaded' because document has an invalid readyState of 'complete'.
console.warn: LoginRecipes: "Falling back to a synchronous message for: https://publicwww.com."
console.warn: LoginRecipes: "Falling back to a synchronous message for: https://publicwww.com."
JavaScript error: https://publicwww.com/cluster/, line 997: TypeError: el.id is undefined
1692307469980	geckodriver	INFO	Listening on 127.0.0.1:52569
1692307470502	mozrunner::runner	INFO	Running command: MOZ_CRASHREPORTER="1" MOZ_CRASHREPORTER_NO_REPORT="1" MOZ_CRASHREPORTER_SHUTDOWN="1" MOZ_NO_REMOTE="1" "/App ... s" "localhost" "-foreground" "-no-remote" "-profile" "/var/folders/r3/c65jq73s6p7596zjs5j0df8r0000gr/T/rust_mozprofile2RMGGH"
console.warn: services.settings: Ignoring preference override of remote settings server
console.warn: services.settings: Allow by setting MOZ_REMOTE_SETTINGS_DEVTOOLS=1 in the environment
1692307471122	Marionette	INFO	Marionette enabled
console.error: "Warning: unrecognized command line flag" "-detach"
1692307471342	Marionette	INFO	Listening on port 52577
WebDriver BiDi listening on ws://127.0.0.1:52570
Read port: 52577
1692307471533	RemoteAgent	WARN	TLS certificate errors will be ignored for this session
UNSUPPORTED (log once): POSSIBLE ISSUE: unit 1 GLD_TEXTURE_INDEX_2D is unloadable and bound to sampler type (Float) - using zero texture because texture unloadable
DevTools listening on ws://127.0.0.1:52570/devtools/browser/2c8aa6e8-f92d-456d-9462-c7f04e3741c4
1692307477295	Marionette	WARN	Ignoring event 'DOMContentLoaded' because document has an invalid readyState of 'complete'.
console.warn: LoginRecipes: "Falling back to a synchronous message for: https://publicwww.com."
console.warn: LoginRecipes: "Falling back to a synchronous message for: https://publicwww.com."
1692307495412	Marionette	INFO	Stopped listening on port 52577
1692307498721	geckodriver	INFO	Listening on 127.0.0.1:52823
1692307499236	mozrunner::runner	INFO	Running command: MOZ_CRASHREPORTER="1" MOZ_CRASHREPORTER_NO_REPORT="1" MOZ_CRASHREPORTER_SHUTDOWN="1" MOZ_NO_REMOTE="1" "/App ... s" "localhost" "-foreground" "-no-remote" "-profile" "/var/folders/r3/c65jq73s6p7596zjs5j0df8r0000gr/T/rust_mozprofilegnXqDC"
WebDriver BiDi listening on ws://127.0.0.1:52824
UNSUPPORTED (log once): POSSIBLE ISSUE: unit 1 GLD_TEXTURE_INDEX_2D is unloadable and bound to sampler type (Float) - using zero texture because texture unloadable
DevTools listening on ws://127.0.0.1:52824/devtools/browser/ed0666d8-4880-4da3-8d61-33552f204f0e
1692307527130	Marionette	INFO	Stopped listening on port 58537
JavaScript error: , line 0: NotFoundError: No such JSWindowActor 'DevToolsFrame'
1692307534782	geckodriver	INFO	Listening on 127.0.0.1:53216
1692307535300	mozrunner::runner	INFO	Running command: MOZ_CRASHREPORTER="1" MOZ_CRASHREPORTER_NO_REPORT="1" MOZ_CRASHREPORTER_SHUTDOWN="1" MOZ_NO_REMOTE="1" "/App ... s" "localhost" "-foreground" "-no-remote" "-profile" "/var/folders/r3/c65jq73s6p7596zjs5j0df8r0000gr/T/rust_mozprofileS9sgOH"
console.warn: services.settings: Ignoring preference override of remote settings server
console.warn: services.settings: Allow by setting MOZ_REMOTE_SETTINGS_DEVTOOLS=1 in the environment
1692307535714	Marionette	INFO	Marionette enabled
console.error: "Warning: unrecognized command line flag" "-detach"
1692307535812	Marionette	INFO	Listening on port 53222
Read port: 53222
WebDriver BiDi listening on ws://127.0.0.1:53217
1692307535892	RemoteAgent	WARN	TLS certificate errors will be ignored for this session
UNSUPPORTED (log once): POSSIBLE ISSUE: unit 1 GLD_TEXTURE_INDEX_2D is unloadable and bound to sampler type (Float) - using zero texture because texture unloadable
DevTools listening on ws://127.0.0.1:53217/devtools/browser/a2591b98-c645-4173-b80c-a48055a7464c
1692307542124	Marionette	WARN	Ignoring event 'DOMContentLoaded' because document has an invalid readyState of 'complete'.
console.warn: LoginRecipes: "Falling back to a synchronous message for: https://publicwww.com."
console.warn: LoginRecipes: "Falling back to a synchronous message for: https://publicwww.com."
JavaScript error: https://publicwww.com/cluster/, line 997: TypeError: el.id is undefined
console.warn: "Listener for event 'frame' did not return a promise."
console.warn: "Listener for event 'frame' did not return a promise."
1692311044547	geckodriver	INFO	Listening on 127.0.0.1:50266
1692311045067	mozrunner::runner	INFO	Running command: MOZ_CRASHREPORTER="1" MOZ_CRASHREPORTER_NO_REPORT="1" MOZ_CRASHREPORTER_SHUTDOWN="1" MOZ_NO_REMOTE="1" "/App ... s" "localhost" "-foreground" "-no-remote" "-profile" "/var/folders/r3/c65jq73s6p7596zjs5j0df8r0000gr/T/rust_mozprofileiyX6Jt"
console.warn: services.settings: Ignoring preference override of remote settings server
console.warn: services.settings: Allow by setting MOZ_REMOTE_SETTINGS_DEVTOOLS=1 in the environment
1692311045541	Marionette	INFO	Marionette enabled
console.error: "Warning: unrecognized command line flag" "-detach"
1692311045734	Marionette	INFO	Listening on port 50273
WebDriver BiDi listening on ws://127.0.0.1:50267
Read port: 50273
1692311046027	RemoteAgent	WARN	TLS certificate errors will be ignored for this session
UNSUPPORTED (log once): POSSIBLE ISSUE: unit 1 GLD_TEXTURE_INDEX_2D is unloadable and bound to sampler type (Float) - using zero texture because texture unloadable
DevTools listening on ws://127.0.0.1:50267/devtools/browser/ce3a53d5-8a7c-4712-8e08-234c883466eb
1692311051017	Marionette	WARN	Ignoring event 'DOMContentLoaded' because document has an invalid readyState of 'complete'.
console.warn: LoginRecipes: "Falling back to a synchronous message for: https://publicwww.com."
console.warn: LoginRecipes: "Falling back to a synchronous message for: https://publicwww.com."
1692311082052	Marionette	INFO	Stopped listening on port 50273
JavaScript error: , line 0: NotFoundError: No such JSWindowActor 'DevToolsFrame'
JavaScript error: , line 0: NotFoundError: No such JSWindowActor 'DevToolsFrame'
1692311117656	geckodriver	INFO	Listening on 127.0.0.1:50914
1692311118174	mozrunner::runner	INFO	Running command: MOZ_CRASHREPORTER="1" MOZ_CRASHREPORTER_NO_REPORT="1" MOZ_CRASHREPORTER_SHUTDOWN="1" MOZ_NO_REMOTE="1" "/App ... s" "localhost" "-foreground" "-no-remote" "-profile" "/var/folders/r3/c65jq73s6p7596zjs5j0df8r0000gr/T/rust_mozprofilesDDBUj"
console.warn: services.settings: Ignoring preference override of remote settings server
console.warn: services.settings: Allow by setting MOZ_REMOTE_SETTINGS_DEVTOOLS=1 in the environment
1692311118626	Marionette	INFO	Marionette enabled
console.error: "Warning: unrecognized command line flag" "-detach"
1692311118778	Marionette	INFO	Listening on port 50972
Read port: 50972
WebDriver BiDi listening on ws://127.0.0.1:50915
1692311118838	RemoteAgent	WARN	TLS certificate errors will be ignored for this session
UNSUPPORTED (log once): POSSIBLE ISSUE: unit 1 GLD_TEXTURE_INDEX_2D is unloadable and bound to sampler type (Float) - using zero texture because texture unloadable
DevTools listening on ws://127.0.0.1:50915/devtools/browser/5808cf0c-a0aa-4ca7-a1f0-2437ce3b7786
1692311123641	Marionette	WARN	Ignoring event 'DOMContentLoaded' because document has an invalid readyState of 'complete'.
console.warn: LoginRecipes: "Falling back to a synchronous message for: https://publicwww.com."
console.warn: LoginRecipes: "Falling back to a synchronous message for: https://publicwww.com."
1692311646921	geckodriver	INFO	Listening on 127.0.0.1:55159
1692311647442	mozrunner::runner	INFO	Running command: MOZ_CRASHREPORTER="1" MOZ_CRASHREPORTER_NO_REPORT="1" MOZ_CRASHREPORTER_SHUTDOWN="1" MOZ_NO_REMOTE="1" "/App ... s" "localhost" "-foreground" "-no-remote" "-profile" "/var/folders/r3/c65jq73s6p7596zjs5j0df8r0000gr/T/rust_mozprofileIJscqe"
console.warn: services.settings: Ignoring preference override of remote settings server
console.warn: services.settings: Allow by setting MOZ_REMOTE_SETTINGS_DEVTOOLS=1 in the environment
1692311647972	Marionette	INFO	Marionette enabled
console.error: "Warning: unrecognized command line flag" "-detach"
1692311648143	Marionette	INFO	Listening on port 55215
WebDriver BiDi listening on ws://127.0.0.1:55160
Read port: 55215
1692311648305	RemoteAgent	WARN	TLS certificate errors will be ignored for this session
UNSUPPORTED (log once): POSSIBLE ISSUE: unit 1 GLD_TEXTURE_INDEX_2D is unloadable and bound to sampler type (Float) - using zero texture because texture unloadable
DevTools listening on ws://127.0.0.1:55160/devtools/browser/d2ba8040-4dcc-47ea-86b3-dcf1f903fbcd
console.warn: LoginRecipes: "Falling back to a synchronous message for: https://publicwww.com."
console.warn: LoginRecipes: "Falling back to a synchronous message for: https://publicwww.com."
console.error: ({})
Exiting due to channel error.
Exiting due to channel error.
Exiting due to channel error.
Exiting due to channel error.
Exiting due to channel error.
1692311832083	Marionette	INFO	Stopped listening on port 53222
JavaScript error: https://publicwww.com/cluster/, line 997: TypeError: el.id is undefined
JavaScript error: , line 0: NotFoundError: No such JSWindowActor 'DevToolsFrame'
1692311833524	Marionette	INFO	Stopped listening on port 50972
1692311890179	geckodriver	INFO	Listening on 127.0.0.1:57132
1692311890700	mozrunner::runner	INFO	Running command: MOZ_CRASHREPORTER="1" MOZ_CRASHREPORTER_NO_REPORT="1" MOZ_CRASHREPORTER_SHUTDOWN="1" MOZ_NO_REMOTE="1" "/App ... s" "localhost" "-foreground" "-no-remote" "-profile" "/var/folders/r3/c65jq73s6p7596zjs5j0df8r0000gr/T/rust_mozprofilee0cfVh"
console.warn: services.settings: Ignoring preference override of remote settings server
console.warn: services.settings: Allow by setting MOZ_REMOTE_SETTINGS_DEVTOOLS=1 in the environment
1692311891518	Marionette	INFO	Marionette enabled
console.error: "Warning: unrecognized command line flag" "-detach"
1692311891725	Marionette	INFO	Listening on port 57173
Read port: 57173
WebDriver BiDi listening on ws://127.0.0.1:57133
1692311892144	RemoteAgent	WARN	TLS certificate errors will be ignored for this session
UNSUPPORTED (log once): POSSIBLE ISSUE: unit 1 GLD_TEXTURE_INDEX_2D is unloadable and bound to sampler type (Float) - using zero texture because texture unloadable
DevTools listening on ws://127.0.0.1:57133/devtools/browser/073b5214-8c2c-4473-b3df-88a7fa4e0c4d
1692311896788	Marionette	WARN	Ignoring event 'DOMContentLoaded' because document has an invalid readyState of 'complete'.
console.warn: LoginRecipes: "Falling back to a synchronous message for: https://publicwww.com."
console.warn: LoginRecipes: "Falling back to a synchronous message for: https://publicwww.com."
JavaScript error: resource://gre/modules/XULStore.sys.mjs, line 60: Error: Can't find profile directory.
JavaScript error: resource://gre/modules/XULStore.sys.mjs, line 60: Error: Can't find profile directory.
JavaScript error: https://publicwww.com/cluster/, line 997: TypeError: el.id is undefined
1692313384860	Marionette	INFO	Stopped listening on port 57173
JavaScript error: https://publicwww.com/cluster/, line 997: TypeError: el.id is undefined
1692318502706	geckodriver	INFO	Listening on 127.0.0.1:65515
1692318503219	mozrunner::runner	INFO	Running command: MOZ_CRASHREPORTER="1" MOZ_CRASHREPORTER_NO_REPORT="1" MOZ_CRASHREPORTER_SHUTDOWN="1" MOZ_NO_REMOTE="1" "/App ... s" "localhost" "-foreground" "-no-remote" "-profile" "/var/folders/r3/c65jq73s6p7596zjs5j0df8r0000gr/T/rust_mozprofileQHFkqE"
console.warn: services.settings: Ignoring preference override of remote settings server
console.warn: services.settings: Allow by setting MOZ_REMOTE_SETTINGS_DEVTOOLS=1 in the environment
1692318503875	Marionette	INFO	Marionette enabled
console.error: "Warning: unrecognized command line flag" "-detach"
1692318504128	Marionette	INFO	Listening on port 65522
Read port: 65522
WebDriver BiDi listening on ws://127.0.0.1:65516
1692318504634	RemoteAgent	WARN	TLS certificate errors will be ignored for this session
UNSUPPORTED (log once): POSSIBLE ISSUE: unit 1 GLD_TEXTURE_INDEX_2D is unloadable and bound to sampler type (Float) - using zero texture because texture unloadable
DevTools listening on ws://127.0.0.1:65516/devtools/browser/4c5d1b95-b914-471e-9b60-455eb4cdb4cf
console.warn: LoginRecipes: "Falling back to a synchronous message for: https://publicwww.com."
console.warn: LoginRecipes: "Falling back to a synchronous message for: https://publicwww.com."
1692318527552	Marionette	INFO	Stopped listening on port 65522
JavaScript error: https://publicwww.com/cluster/, line 997: TypeError: el.id is undefined
1692318560449	geckodriver	INFO	Listening on 127.0.0.1:49257
1692318560961	mozrunner::runner	INFO	Running command: MOZ_CRASHREPORTER="1" MOZ_CRASHREPORTER_NO_REPORT="1" MOZ_CRASHREPORTER_SHUTDOWN="1" MOZ_NO_REMOTE="1" "/App ... s" "localhost" "-foreground" "-no-remote" "-profile" "/var/folders/r3/c65jq73s6p7596zjs5j0df8r0000gr/T/rust_mozprofile7V1qmE"
console.warn: services.settings: Ignoring preference override of remote settings server
console.warn: services.settings: Allow by setting MOZ_REMOTE_SETTINGS_DEVTOOLS=1 in the environment
1692318561536	Marionette	INFO	Marionette enabled
console.error: "Warning: unrecognized command line flag" "-detach"
1692318561757	Marionette	INFO	Listening on port 49266
Read port: 49266
WebDriver BiDi listening on ws://127.0.0.1:49258
1692318561891	RemoteAgent	WARN	TLS certificate errors will be ignored for this session
UNSUPPORTED (log once): POSSIBLE ISSUE: unit 1 GLD_TEXTURE_INDEX_2D is unloadable and bound to sampler type (Float) - using zero texture because texture unloadable
DevTools listening on ws://127.0.0.1:49258/devtools/browser/4a977593-96f3-4b05-b25a-d22c96003dfc
console.warn: LoginRecipes: "Falling back to a synchronous message for: https://publicwww.com."
console.warn: LoginRecipes: "Falling back to a synchronous message for: https://publicwww.com."
1692343111856	Marionette	INFO	Stopped listening on port 49266
1692384959275	geckodriver	INFO	Listening on 127.0.0.1:49522
1692384959804	mozrunner::runner	INFO	Running command: MOZ_CRASHREPORTER="1" MOZ_CRASHREPORTER_NO_REPORT="1" MOZ_CRASHREPORTER_SHUTDOWN="1" MOZ_NO_REMOTE="1" "/App ... s" "localhost" "-foreground" "-no-remote" "-profile" "/var/folders/r3/c65jq73s6p7596zjs5j0df8r0000gr/T/rust_mozprofilebQ7tiO"
console.warn: services.settings: Ignoring preference override of remote settings server
console.warn: services.settings: Allow by setting MOZ_REMOTE_SETTINGS_DEVTOOLS=1 in the environment
1692384961569	Marionette	INFO	Marionette enabled
console.error: "Warning: unrecognized command line flag" "-detach"
1692384962609	Marionette	INFO	Listening on port 49529
Read port: 49529
WebDriver BiDi listening on ws://127.0.0.1:49523
1692384962794	RemoteAgent	WARN	TLS certificate errors will be ignored for this session
UNSUPPORTED (log once): POSSIBLE ISSUE: unit 1 GLD_TEXTURE_INDEX_2D is unloadable and bound to sampler type (Float) - using zero texture because texture unloadable
DevTools listening on ws://127.0.0.1:49523/devtools/browser/aabc4758-0a89-47a7-a822-cdd809877c55
1692384969963	Marionette	WARN	Ignoring event 'DOMContentLoaded' because document has an invalid readyState of 'complete'.
1692385102827	geckodriver	INFO	Listening on 127.0.0.1:49702
1692385103347	mozrunner::runner	INFO	Running command: MOZ_CRASHREPORTER="1" MOZ_CRASHREPORTER_NO_REPORT="1" MOZ_CRASHREPORTER_SHUTDOWN="1" MOZ_NO_REMOTE="1" "/App ... s" "localhost" "-foreground" "-no-remote" "-profile" "/var/folders/r3/c65jq73s6p7596zjs5j0df8r0000gr/T/rust_mozprofilehbo1Qx"
console.warn: services.settings: Ignoring preference override of remote settings server
console.warn: services.settings: Allow by setting MOZ_REMOTE_SETTINGS_DEVTOOLS=1 in the environment
1692385104254	Marionette	INFO	Marionette enabled
console.error: "Warning: unrecognized command line flag" "-detach"
1692385106014	Marionette	INFO	Listening on port 49709
Read port: 49709
WebDriver BiDi listening on ws://127.0.0.1:49703
1692385106090	RemoteAgent	WARN	TLS certificate errors will be ignored for this session
UNSUPPORTED (log once): POSSIBLE ISSUE: unit 1 GLD_TEXTURE_INDEX_2D is unloadable and bound to sampler type (Float) - using zero texture because texture unloadable
DevTools listening on ws://127.0.0.1:49703/devtools/browser/3ce00cd4-9618-448d-a25c-a471e36ae803
1692385113715	Marionette	WARN	Ignoring event 'DOMContentLoaded' because document has an invalid readyState of 'complete'.
console.warn: LoginRecipes: "Falling back to a synchronous message for: https://publicwww.com."
console.warn: LoginRecipes: "Falling back to a synchronous message for: https://publicwww.com."
JavaScript error: https://publicwww.com/cluster/, line 997: TypeError: el.id is undefined
1692385323412	Marionette	INFO	Stopped listening on port 49529
1692385327221	Marionette	INFO	Stopped listening on port 49709
1692385339649	geckodriver	INFO	Listening on 127.0.0.1:49883
1692385340183	mozrunner::runner	INFO	Running command: MOZ_CRASHREPORTER="1" MOZ_CRASHREPORTER_NO_REPORT="1" MOZ_CRASHREPORTER_SHUTDOWN="1" MOZ_NO_REMOTE="1" "/App ... s" "localhost" "-foreground" "-no-remote" "-profile" "/var/folders/r3/c65jq73s6p7596zjs5j0df8r0000gr/T/rust_mozprofile7dLYQD"
console.warn: services.settings: Ignoring preference override of remote settings server
console.warn: services.settings: Allow by setting MOZ_REMOTE_SETTINGS_DEVTOOLS=1 in the environment
1692385341270	Marionette	INFO	Marionette enabled
console.error: "Warning: unrecognized command line flag" "-detach"
1692385341958	Marionette	INFO	Listening on port 49889
WebDriver BiDi listening on ws://127.0.0.1:49884
Read port: 49889
1692385342156	RemoteAgent	WARN	TLS certificate errors will be ignored for this session
UNSUPPORTED (log once): POSSIBLE ISSUE: unit 1 GLD_TEXTURE_INDEX_2D is unloadable and bound to sampler type (Float) - using zero texture because texture unloadable
DevTools listening on ws://127.0.0.1:49884/devtools/browser/f3d68bde-309d-46c5-b425-dd5eb786bd73
console.warn: LoginRecipes: "Falling back to a synchronous message for: https://publicwww.com."
console.warn: LoginRecipes: "Falling back to a synchronous message for: https://publicwww.com."
JavaScript error: https://publicwww.com/cluster/, line 997: TypeError: el.id is undefined
1692385457915	geckodriver	INFO	Listening on 127.0.0.1:49967
1692385457935	mozrunner::runner	INFO	Running command: MOZ_CRASHREPORTER="1" MOZ_CRASHREPORTER_NO_REPORT="1" MOZ_CRASHREPORTER_SHUTDOWN="1" MOZ_NO_REMOTE="1" "/App ... s" "localhost" "-foreground" "-no-remote" "-profile" "/var/folders/r3/c65jq73s6p7596zjs5j0df8r0000gr/T/rust_mozprofileHzShSC"
console.warn: services.settings: Ignoring preference override of remote settings server
console.warn: services.settings: Allow by setting MOZ_REMOTE_SETTINGS_DEVTOOLS=1 in the environment
1692385459009	Marionette	INFO	Marionette enabled
console.error: "Warning: unrecognized command line flag" "-detach"
1692385459751	Marionette	INFO	Listening on port 49971
Read port: 49971
WebDriver BiDi listening on ws://127.0.0.1:49968
1692385460101	RemoteAgent	WARN	TLS certificate errors will be ignored for this session
UNSUPPORTED (log once): POSSIBLE ISSUE: unit 1 GLD_TEXTURE_INDEX_2D is unloadable and bound to sampler type (Float) - using zero texture because texture unloadable
DevTools listening on ws://127.0.0.1:49968/devtools/browser/245d1e07-6774-46e2-bba9-de6b3a21c1a5
console.warn: LoginRecipes: "Falling back to a synchronous message for: https://publicwww.com."
console.warn: LoginRecipes: "Falling back to a synchronous message for: https://publicwww.com."
JavaScript error: https://publicwww.com/cluster/, line 997: TypeError: el.id is undefined
1692385590247	geckodriver	INFO	Listening on 127.0.0.1:50042
1692385590766	mozrunner::runner	INFO	Running command: MOZ_CRASHREPORTER="1" MOZ_CRASHREPORTER_NO_REPORT="1" MOZ_CRASHREPORTER_SHUTDOWN="1" MOZ_NO_REMOTE="1" "/App ... s" "localhost" "-foreground" "-no-remote" "-profile" "/var/folders/r3/c65jq73s6p7596zjs5j0df8r0000gr/T/rust_mozprofileZ7G4ZX"
console.warn: services.settings: Ignoring preference override of remote settings server
console.warn: services.settings: Allow by setting MOZ_REMOTE_SETTINGS_DEVTOOLS=1 in the environment
1692385591822	Marionette	INFO	Marionette enabled
console.error: "Warning: unrecognized command line flag" "-detach"
1692385592699	Marionette	INFO	Listening on port 50049
Read port: 50049
WebDriver BiDi listening on ws://127.0.0.1:50043
1692385593063	RemoteAgent	WARN	TLS certificate errors will be ignored for this session
UNSUPPORTED (log once): POSSIBLE ISSUE: unit 1 GLD_TEXTURE_INDEX_2D is unloadable and bound to sampler type (Float) - using zero texture because texture unloadable
DevTools listening on ws://127.0.0.1:50043/devtools/browser/355cf9fd-4d8c-402a-b846-0d433da30747
1692385597474	Marionette	INFO	Stopped listening on port 49971
JavaScript error: https://publicwww.com/cluster/, line 121: TypeError: el.id is undefined
console.warn: LoginRecipes: "Falling back to a synchronous message for: https://publicwww.com."
console.warn: LoginRecipes: "Falling back to a synchronous message for: https://publicwww.com."
1692385994665	geckodriver	INFO	Listening on 127.0.0.1:50181
1692385995197	mozrunner::runner	INFO	Running command: MOZ_CRASHREPORTER="1" MOZ_CRASHREPORTER_NO_REPORT="1" MOZ_CRASHREPORTER_SHUTDOWN="1" MOZ_NO_REMOTE="1" "/App ... s" "localhost" "-foreground" "-no-remote" "-profile" "/var/folders/r3/c65jq73s6p7596zjs5j0df8r0000gr/T/rust_mozprofileZYDMly"
console.warn: services.settings: Ignoring preference override of remote settings server
console.warn: services.settings: Allow by setting MOZ_REMOTE_SETTINGS_DEVTOOLS=1 in the environment
1692385997211	Marionette	INFO	Marionette enabled
console.error: "Warning: unrecognized command line flag" "-detach"
1692385998020	Marionette	INFO	Listening on port 50187
WebDriver BiDi listening on ws://127.0.0.1:50182
Read port: 50187
1692385998309	RemoteAgent	WARN	TLS certificate errors will be ignored for this session
UNSUPPORTED (log once): POSSIBLE ISSUE: unit 1 GLD_TEXTURE_INDEX_2D is unloadable and bound to sampler type (Float) - using zero texture because texture unloadable
DevTools listening on ws://127.0.0.1:50182/devtools/browser/cd8c85d1-b1e5-4eef-8342-cdd0bdf09429
1692385999924	Marionette	INFO	Stopped listening on port 50187
console.warn: services.settings: main/quicksuggest sync interrupted by shutdown
1692386024808	geckodriver	INFO	Listening on 127.0.0.1:50217
1692386025326	mozrunner::runner	INFO	Running command: MOZ_CRASHREPORTER="1" MOZ_CRASHREPORTER_NO_REPORT="1" MOZ_CRASHREPORTER_SHUTDOWN="1" MOZ_NO_REMOTE="1" "/App ... s" "localhost" "-foreground" "-no-remote" "-profile" "/var/folders/r3/c65jq73s6p7596zjs5j0df8r0000gr/T/rust_mozprofileMIRgAd"
console.warn: services.settings: Ignoring preference override of remote settings server
console.warn: services.settings: Allow by setting MOZ_REMOTE_SETTINGS_DEVTOOLS=1 in the environment
1692386026122	Marionette	INFO	Marionette enabled
console.error: "Warning: unrecognized command line flag" "-detach"
1692386026549	Marionette	INFO	Listening on port 50223
Read port: 50223
WebDriver BiDi listening on ws://127.0.0.1:50218
1692386026735	RemoteAgent	WARN	TLS certificate errors will be ignored for this session
UNSUPPORTED (log once): POSSIBLE ISSUE: unit 1 GLD_TEXTURE_INDEX_2D is unloadable and bound to sampler type (Float) - using zero texture because texture unloadable
DevTools listening on ws://127.0.0.1:50218/devtools/browser/ce7de197-3c0a-4572-b760-3b3f9b9fa971
1692386034450	Marionette	WARN	Ignoring event 'DOMContentLoaded' because document has an invalid readyState of 'complete'.
console.warn: LoginRecipes: "Falling back to a synchronous message for: https://publicwww.com."
console.warn: LoginRecipes: "Falling back to a synchronous message for: https://publicwww.com."
1692386571131	geckodriver	INFO	Listening on 127.0.0.1:50484
1692386571647	mozrunner::runner	INFO	Running command: MOZ_CRASHREPORTER="1" MOZ_CRASHREPORTER_NO_REPORT="1" MOZ_CRASHREPORTER_SHUTDOWN="1" MOZ_NO_REMOTE="1" "/App ... s" "localhost" "-foreground" "-no-remote" "-profile" "/var/folders/r3/c65jq73s6p7596zjs5j0df8r0000gr/T/rust_mozprofilewzfqkR"
console.warn: services.settings: Ignoring preference override of remote settings server
console.warn: services.settings: Allow by setting MOZ_REMOTE_SETTINGS_DEVTOOLS=1 in the environment
1692386573118	Marionette	INFO	Marionette enabled
console.error: "Warning: unrecognized command line flag" "-detach"
1692386574256	Marionette	INFO	Listening on port 50490
WebDriver BiDi listening on ws://127.0.0.1:50485
Read port: 50490
1692386574578	RemoteAgent	WARN	TLS certificate errors will be ignored for this session
UNSUPPORTED (log once): POSSIBLE ISSUE: unit 1 GLD_TEXTURE_INDEX_2D is unloadable and bound to sampler type (Float) - using zero texture because texture unloadable
DevTools listening on ws://127.0.0.1:50485/devtools/browser/ada19394-24cf-4329-af0b-2cae1012a0f2
1692386585436	Marionette	WARN	Ignoring event 'DOMContentLoaded' because document has an invalid readyState of 'complete'.
console.warn: LoginRecipes: "Falling back to a synchronous message for: https://publicwww.com."
console.warn: LoginRecipes: "Falling back to a synchronous message for: https://publicwww.com."
1692386847739	Marionette	INFO	Stopped listening on port 50049
1692386851382	Marionette	INFO	Stopped listening on port 50223
1692386865324	Marionette	INFO	Stopped listening on port 50490
1692386871444	Marionette	INFO	Stopped listening on port 49889
JavaScript error: , line 0: NotFoundError: No such JSWindowActor 'DevToolsFrame'
JavaScript error: https://publicwww.com/cluster/, line 997: TypeError: el.id is undefined
1692387156266	geckodriver	INFO	Listening on 127.0.0.1:50961
1692387156783	mozrunner::runner	INFO	Running command: MOZ_CRASHREPORTER="1" MOZ_CRASHREPORTER_NO_REPORT="1" MOZ_CRASHREPORTER_SHUTDOWN="1" MOZ_NO_REMOTE="1" "/App ... s" "localhost" "-foreground" "-no-remote" "-profile" "/var/folders/r3/c65jq73s6p7596zjs5j0df8r0000gr/T/rust_mozprofile1vvkR3"
console.warn: services.settings: Ignoring preference override of remote settings server
console.warn: services.settings: Allow by setting MOZ_REMOTE_SETTINGS_DEVTOOLS=1 in the environment
1692387158376	Marionette	INFO	Marionette enabled
console.error: "Warning: unrecognized command line flag" "-detach"
1692387159242	Marionette	INFO	Listening on port 50968
Read port: 50968
WebDriver BiDi listening on ws://127.0.0.1:50962
1692387159381	RemoteAgent	WARN	TLS certificate errors will be ignored for this session
UNSUPPORTED (log once): POSSIBLE ISSUE: unit 1 GLD_TEXTURE_INDEX_2D is unloadable and bound to sampler type (Float) - using zero texture because texture unloadable
DevTools listening on ws://127.0.0.1:50962/devtools/browser/7ee62982-862b-46b3-844b-a30a3eaa6f08
1692387169065	Marionette	WARN	Ignoring event 'DOMContentLoaded' because document has an invalid readyState of 'complete'.
console.error: (new Error("Polling for changes failed: NetworkError: Network request failed.", "resource://services-settings/remote-settings.sys.mjs", 324))
1692387237896	Marionette	INFO	Stopped listening on port 50968
1692387259180	geckodriver	INFO	Listening on 127.0.0.1:51087
1692387259700	mozrunner::runner	INFO	Running command: MOZ_CRASHREPORTER="1" MOZ_CRASHREPORTER_NO_REPORT="1" MOZ_CRASHREPORTER_SHUTDOWN="1" MOZ_NO_REMOTE="1" "/App ... s" "localhost" "-foreground" "-no-remote" "-profile" "/var/folders/r3/c65jq73s6p7596zjs5j0df8r0000gr/T/rust_mozprofilef21Sg4"
console.warn: services.settings: Ignoring preference override of remote settings server
console.warn: services.settings: Allow by setting MOZ_REMOTE_SETTINGS_DEVTOOLS=1 in the environment
1692387260534	Marionette	INFO	Marionette enabled
console.error: "Warning: unrecognized command line flag" "-detach"
1692387261179	Marionette	INFO	Listening on port 51093
WebDriver BiDi listening on ws://127.0.0.1:51088
Read port: 51093
1692387261445	RemoteAgent	WARN	TLS certificate errors will be ignored for this session
UNSUPPORTED (log once): POSSIBLE ISSUE: unit 1 GLD_TEXTURE_INDEX_2D is unloadable and bound to sampler type (Float) - using zero texture because texture unloadable
DevTools listening on ws://127.0.0.1:51088/devtools/browser/5338ba13-ad59-493f-90f2-9a950117505e
1692387273208	Marionette	WARN	Ignoring event 'DOMContentLoaded' because document has an invalid readyState of 'complete'.
console.warn: LoginRecipes: "Falling back to a synchronous message for: https://publicwww.com."
console.warn: LoginRecipes: "Falling back to a synchronous message for: https://publicwww.com."
1692387621510	Marionette	INFO	Stopped listening on port 51093
1692387622837	geckodriver	INFO	Listening on 127.0.0.1:51302
1692387623353	mozrunner::runner	INFO	Running command: MOZ_CRASHREPORTER="1" MOZ_CRASHREPORTER_NO_REPORT="1" MOZ_CRASHREPORTER_SHUTDOWN="1" MOZ_NO_REMOTE="1" "/App ... s" "localhost" "-foreground" "-no-remote" "-profile" "/var/folders/r3/c65jq73s6p7596zjs5j0df8r0000gr/T/rust_mozprofileC5FeVH"
console.warn: services.settings: Ignoring preference override of remote settings server
console.warn: services.settings: Allow by setting MOZ_REMOTE_SETTINGS_DEVTOOLS=1 in the environment
1692387625660	Marionette	INFO	Marionette enabled
console.error: "Warning: unrecognized command line flag" "-detach"
1692387626160	Marionette	INFO	Listening on port 51308
WebDriver BiDi listening on ws://127.0.0.1:51303
Read port: 51308
1692387626332	RemoteAgent	WARN	TLS certificate errors will be ignored for this session
UNSUPPORTED (log once): POSSIBLE ISSUE: unit 1 GLD_TEXTURE_INDEX_2D is unloadable and bound to sampler type (Float) - using zero texture because texture unloadable
DevTools listening on ws://127.0.0.1:51303/devtools/browser/f08149cd-01e4-4cd4-bad4-2793a2ec3ccd
1692387634993	Marionette	WARN	Ignoring event 'DOMContentLoaded' because document has an invalid readyState of 'complete'.
console.warn: LoginRecipes: "Falling back to a synchronous message for: https://publicwww.com."
console.warn: LoginRecipes: "Falling back to a synchronous message for: https://publicwww.com."
1692388033616	geckodriver	INFO	Listening on 127.0.0.1:51510
1692388033670	mozrunner::runner	INFO	Running command: MOZ_CRASHREPORTER="1" MOZ_CRASHREPORTER_NO_REPORT="1" MOZ_CRASHREPORTER_SHUTDOWN="1" MOZ_NO_REMOTE="1" "/App ... s" "localhost" "-foreground" "-no-remote" "-profile" "/var/folders/r3/c65jq73s6p7596zjs5j0df8r0000gr/T/rust_mozprofileCAdjPZ"
1692388037697	Marionette	INFO	Stopped listening on port 51308
1692393017213	geckodriver	INFO	Listening on 127.0.0.1:52642
1692393017740	mozrunner::runner	INFO	Running command: MOZ_CRASHREPORTER="1" MOZ_CRASHREPORTER_NO_REPORT="1" MOZ_CRASHREPORTER_SHUTDOWN="1" MOZ_NO_REMOTE="1" "/App ... s" "localhost" "-foreground" "-no-remote" "-profile" "/var/folders/r3/c65jq73s6p7596zjs5j0df8r0000gr/T/rust_mozprofile66xkVq"
console.warn: services.settings: Ignoring preference override of remote settings server
console.warn: services.settings: Allow by setting MOZ_REMOTE_SETTINGS_DEVTOOLS=1 in the environment
1692393019128	Marionette	INFO	Marionette enabled
console.error: "Warning: unrecognized command line flag" "-detach"
1692393020302	Marionette	INFO	Listening on port 52649
WebDriver BiDi listening on ws://127.0.0.1:52643
Read port: 52649
1692393020433	RemoteAgent	WARN	TLS certificate errors will be ignored for this session
UNSUPPORTED (log once): POSSIBLE ISSUE: unit 1 GLD_TEXTURE_INDEX_2D is unloadable and bound to sampler type (Float) - using zero texture because texture unloadable
DevTools listening on ws://127.0.0.1:52643/devtools/browser/e4742bf4-f5af-4cb7-84bd-7d83f7e738d3
console.warn: LoginRecipes: "Falling back to a synchronous message for: https://publicwww.com."
console.warn: LoginRecipes: "Falling back to a synchronous message for: https://publicwww.com."
JavaScript error: https://publicwww.com/cluster/, line 1439: TypeError: el.id is undefined
JavaScript error: https://publicwww.com/cluster/, line 1439: TypeError: el.id is undefined
1692393204803	geckodriver	INFO	Listening on 127.0.0.1:52845
1692393204845	mozrunner::runner	INFO	Running command: MOZ_CRASHREPORTER="1" MOZ_CRASHREPORTER_NO_REPORT="1" MOZ_CRASHREPORTER_SHUTDOWN="1" MOZ_NO_REMOTE="1" "/App ... s" "localhost" "-foreground" "-no-remote" "-profile" "/var/folders/r3/c65jq73s6p7596zjs5j0df8r0000gr/T/rust_mozprofileB7RI7E"
console.warn: services.settings: Ignoring preference override of remote settings server
console.warn: services.settings: Allow by setting MOZ_REMOTE_SETTINGS_DEVTOOLS=1 in the environment
1692393206264	Marionette	INFO	Marionette enabled
console.error: "Warning: unrecognized command line flag" "-detach"
1692393207594	Marionette	INFO	Listening on port 52850
Read port: 52850
WebDriver BiDi listening on ws://127.0.0.1:52846
1692393207842	RemoteAgent	WARN	TLS certificate errors will be ignored for this session
UNSUPPORTED (log once): POSSIBLE ISSUE: unit 1 GLD_TEXTURE_INDEX_2D is unloadable and bound to sampler type (Float) - using zero texture because texture unloadable
DevTools listening on ws://127.0.0.1:52846/devtools/browser/9cadb4c3-4ef6-4744-b62b-d248e7aea581
1692393213265	Marionette	WARN	Ignoring event 'DOMContentLoaded' because document has an invalid readyState of 'complete'.
console.warn: LoginRecipes: "Falling back to a synchronous message for: https://publicwww.com."
console.warn: LoginRecipes: "Falling back to a synchronous message for: https://publicwww.com."
JavaScript error: https://publicwww.com/cluster/, line 1439: TypeError: el.id is undefined
1692393226722	Marionette	INFO	Stopped listening on port 52649
JavaScript error: https://publicwww.com/cluster/, line 1439: TypeError: el.id is undefined
1692393228254	Marionette	INFO	Stopped listening on port 52850
1692393310786	geckodriver	INFO	Listening on 127.0.0.1:52918
1692393311312	mozrunner::runner	INFO	Running command: MOZ_CRASHREPORTER="1" MOZ_CRASHREPORTER_NO_REPORT="1" MOZ_CRASHREPORTER_SHUTDOWN="1" MOZ_NO_REMOTE="1" "/App ... s" "localhost" "-foreground" "-no-remote" "-profile" "/var/folders/r3/c65jq73s6p7596zjs5j0df8r0000gr/T/rust_mozprofileHPQmZ8"
console.warn: services.settings: Ignoring preference override of remote settings server
console.warn: services.settings: Allow by setting MOZ_REMOTE_SETTINGS_DEVTOOLS=1 in the environment
1692393312252	Marionette	INFO	Marionette enabled
console.error: "Warning: unrecognized command line flag" "-detach"
1692393312767	Marionette	INFO	Listening on port 52924
WebDriver BiDi listening on ws://127.0.0.1:52919
Read port: 52924
1692393313257	RemoteAgent	WARN	TLS certificate errors will be ignored for this session
UNSUPPORTED (log once): POSSIBLE ISSUE: unit 1 GLD_TEXTURE_INDEX_2D is unloadable and bound to sampler type (Float) - using zero texture because texture unloadable
DevTools listening on ws://127.0.0.1:52919/devtools/browser/d9778796-c2cb-418f-ba5f-ed2ba59c3eec
1692393319589	Marionette	WARN	Ignoring event 'DOMContentLoaded' because document has an invalid readyState of 'complete'.
console.warn: LoginRecipes: "Falling back to a synchronous message for: https://publicwww.com."
console.warn: LoginRecipes: "Falling back to a synchronous message for: https://publicwww.com."
JavaScript error: https://publicwww.com/cluster/, line 1439: TypeError: el.id is undefined
Exiting due to channel error.
Exiting due to channel error.
Exiting due to channel error.
Exiting due to channel error.
Exiting due to channel error.
1692393393334	geckodriver	INFO	Listening on 127.0.0.1:53011
1692393393859	mozrunner::runner	INFO	Running command: MOZ_CRASHREPORTER="1" MOZ_CRASHREPORTER_NO_REPORT="1" MOZ_CRASHREPORTER_SHUTDOWN="1" MOZ_NO_REMOTE="1" "/App ... s" "localhost" "-foreground" "-no-remote" "-profile" "/var/folders/r3/c65jq73s6p7596zjs5j0df8r0000gr/T/rust_mozprofileFWL9eK"
console.warn: services.settings: Ignoring preference override of remote settings server
console.warn: services.settings: Allow by setting MOZ_REMOTE_SETTINGS_DEVTOOLS=1 in the environment
1692393394663	Marionette	INFO	Marionette enabled
console.error: "Warning: unrecognized command line flag" "-detach"
1692393394894	Marionette	INFO	Listening on port 53017
Read port: 53017
WebDriver BiDi listening on ws://127.0.0.1:53012
1692393394927	RemoteAgent	WARN	TLS certificate errors will be ignored for this session
UNSUPPORTED (log once): POSSIBLE ISSUE: unit 1 GLD_TEXTURE_INDEX_2D is unloadable and bound to sampler type (Float) - using zero texture because texture unloadable
DevTools listening on ws://127.0.0.1:53012/devtools/browser/5668099e-ec93-4648-808e-848d2cb49864
console.warn: LoginRecipes: "Falling back to a synchronous message for: https://publicwww.com."
console.warn: LoginRecipes: "Falling back to a synchronous message for: https://publicwww.com."
JavaScript error: https://publicwww.com/cluster/, line 1439: TypeError: el.id is undefined
JavaScript error: https://publicwww.com/cluster/, line 152: TypeError: el.id is undefined
1692393461410	Marionette	INFO	Stopped listening on port 53017
JavaScript error: https://publicwww.com/cluster/, line 121: TypeError: el.id is undefined
1692393480314	geckodriver	INFO	Listening on 127.0.0.1:53102
1692393480832	mozrunner::runner	INFO	Running command: MOZ_CRASHREPORTER="1" MOZ_CRASHREPORTER_NO_REPORT="1" MOZ_CRASHREPORTER_SHUTDOWN="1" MOZ_NO_REMOTE="1" "/App ... s" "localhost" "-foreground" "-no-remote" "-profile" "/var/folders/r3/c65jq73s6p7596zjs5j0df8r0000gr/T/rust_mozprofilesGrte7"
console.warn: services.settings: Ignoring preference override of remote settings server
console.warn: services.settings: Allow by setting MOZ_REMOTE_SETTINGS_DEVTOOLS=1 in the environment
1692393482119	Marionette	INFO	Marionette enabled
console.error: "Warning: unrecognized command line flag" "-detach"
1692393482814	Marionette	INFO	Listening on port 53108
WebDriver BiDi listening on ws://127.0.0.1:53103
Read port: 53108
1692393483065	RemoteAgent	WARN	TLS certificate errors will be ignored for this session
UNSUPPORTED (log once): POSSIBLE ISSUE: unit 1 GLD_TEXTURE_INDEX_2D is unloadable and bound to sampler type (Float) - using zero texture because texture unloadable
DevTools listening on ws://127.0.0.1:53103/devtools/browser/94a67253-6116-43bd-a706-449c74e48f7d
console.warn: LoginRecipes: "Falling back to a synchronous message for: https://publicwww.com."
console.warn: LoginRecipes: "Falling back to a synchronous message for: https://publicwww.com."
1692393654713	geckodriver	INFO	Listening on 127.0.0.1:53197
1692393655278	mozrunner::runner	INFO	Running command: MOZ_CRASHREPORTER="1" MOZ_CRASHREPORTER_NO_REPORT="1" MOZ_CRASHREPORTER_SHUTDOWN="1" MOZ_NO_REMOTE="1" "/App ... s" "localhost" "-foreground" "-no-remote" "-profile" "/var/folders/r3/c65jq73s6p7596zjs5j0df8r0000gr/T/rust_mozprofile0g3YmP"
console.warn: services.settings: Ignoring preference override of remote settings server
console.warn: services.settings: Allow by setting MOZ_REMOTE_SETTINGS_DEVTOOLS=1 in the environment
1692393657185	Marionette	INFO	Marionette enabled
console.error: "Warning: unrecognized command line flag" "-detach"
1692393657889	Marionette	INFO	Listening on port 53203
Read port: 53203
WebDriver BiDi listening on ws://127.0.0.1:53198
1692393658007	RemoteAgent	WARN	TLS certificate errors will be ignored for this session
UNSUPPORTED (log once): POSSIBLE ISSUE: unit 1 GLD_TEXTURE_INDEX_2D is unloadable and bound to sampler type (Float) - using zero texture because texture unloadable
DevTools listening on ws://127.0.0.1:53198/devtools/browser/c6eb2c59-d02e-4032-8f02-a82cb7ffad52
1692393664754	Marionette	WARN	Ignoring event 'DOMContentLoaded' because document has an invalid readyState of 'complete'.
console.warn: LoginRecipes: "Falling back to a synchronous message for: https://publicwww.com."
console.warn: LoginRecipes: "Falling back to a synchronous message for: https://publicwww.com."
Exiting due to channel error.
Exiting due to channel error.
Exiting due to channel error.
Exiting due to channel error.
Exiting due to channel error.
JavaScript error: https://publicwww.com/cluster/, line 256: TypeError: el.id is undefined
1692394013706	geckodriver	INFO	Listening on 127.0.0.1:53375
1692394014223	mozrunner::runner	INFO	Running command: MOZ_CRASHREPORTER="1" MOZ_CRASHREPORTER_NO_REPORT="1" MOZ_CRASHREPORTER_SHUTDOWN="1" MOZ_NO_REMOTE="1" "/App ... s" "localhost" "-foreground" "-no-remote" "-profile" "/var/folders/r3/c65jq73s6p7596zjs5j0df8r0000gr/T/rust_mozprofileArSAQd"
console.warn: services.settings: Ignoring preference override of remote settings server
console.warn: services.settings: Allow by setting MOZ_REMOTE_SETTINGS_DEVTOOLS=1 in the environment
1692394016082	Marionette	INFO	Marionette enabled
console.error: "Warning: unrecognized command line flag" "-detach"
1692394017042	Marionette	INFO	Listening on port 53382
WebDriver BiDi listening on ws://127.0.0.1:53376
Read port: 53382
1692394017269	RemoteAgent	WARN	TLS certificate errors will be ignored for this session
UNSUPPORTED (log once): POSSIBLE ISSUE: unit 1 GLD_TEXTURE_INDEX_2D is unloadable and bound to sampler type (Float) - using zero texture because texture unloadable
DevTools listening on ws://127.0.0.1:53376/devtools/browser/4cfb4147-bcf6-4ef6-8272-d41e54c35a0d
1692394026118	Marionette	WARN	Ignoring event 'DOMContentLoaded' because document has an invalid readyState of 'complete'.
console.warn: LoginRecipes: "Falling back to a synchronous message for: https://publicwww.com."
console.warn: LoginRecipes: "Falling back to a synchronous message for: https://publicwww.com."
JavaScript error: https://publicwww.com/cluster/, line 269: TypeError: el.id is undefined
JavaScript error: resource://gre/actors/ContentMetaChild.sys.mjs, line 179: InvalidStateError: JSWindowActorChild.sendAsyncMessage: JSWindowActorChild cannot send at the moment
JavaScript error: resource://gre/actors/ContentMetaChild.sys.mjs, line 179: InvalidStateError: JSWindowActorChild.sendAsyncMessage: JSWindowActorChild cannot send at the moment
1692394183469	Marionette	INFO	Stopped listening on port 53108
1692394186646	Marionette	INFO	Stopped listening on port 53382
1692396841354	geckodriver	INFO	Listening on 127.0.0.1:56623
1692396841856	mozrunner::runner	INFO	Running command: MOZ_CRASHREPORTER="1" MOZ_CRASHREPORTER_NO_REPORT="1" MOZ_CRASHREPORTER_SHUTDOWN="1" MOZ_NO_REMOTE="1" "/App ... s" "localhost" "-foreground" "-no-remote" "-profile" "/var/folders/r3/c65jq73s6p7596zjs5j0df8r0000gr/T/rust_mozprofilepr0zw0"
console.warn: services.settings: Ignoring preference override of remote settings server
console.warn: services.settings: Allow by setting MOZ_REMOTE_SETTINGS_DEVTOOLS=1 in the environment
1692396843261	Marionette	INFO	Marionette enabled
console.error: "Warning: unrecognized command line flag" "-detach"
1692396844154	Marionette	INFO	Listening on port 56630
WebDriver BiDi listening on ws://127.0.0.1:56624
Read port: 56630
1692396844337	RemoteAgent	WARN	TLS certificate errors will be ignored for this session
UNSUPPORTED (log once): POSSIBLE ISSUE: unit 1 GLD_TEXTURE_INDEX_2D is unloadable and bound to sampler type (Float) - using zero texture because texture unloadable
DevTools listening on ws://127.0.0.1:56624/devtools/browser/e58b2f66-a1b1-45d3-b394-5f82650403e0
1692396849564	Marionette	WARN	Ignoring event 'DOMContentLoaded' because document has an invalid readyState of 'complete'.
console.warn: LoginRecipes: "Falling back to a synchronous message for: https://publicwww.com."
console.warn: LoginRecipes: "Falling back to a synchronous message for: https://publicwww.com."
JavaScript error: https://publicwww.com/cluster/, line 412: TypeError: el.id is undefined
JavaScript error: resource://gre/actors/ContentMetaChild.sys.mjs, line 179: InvalidStateError: JSWindowActorChild.sendAsyncMessage: JSWindowActorChild cannot send at the moment
1692396967163	Marionette	INFO	Stopped listening on port 56630
1692397278110	geckodriver	INFO	Listening on 127.0.0.1:56886
1692397278642	mozrunner::runner	INFO	Running command: MOZ_CRASHREPORTER="1" MOZ_CRASHREPORTER_NO_REPORT="1" MOZ_CRASHREPORTER_SHUTDOWN="1" MOZ_NO_REMOTE="1" "/App ... s" "localhost" "-foreground" "-no-remote" "-profile" "/var/folders/r3/c65jq73s6p7596zjs5j0df8r0000gr/T/rust_mozprofileQi6KJ1"
console.warn: services.settings: Ignoring preference override of remote settings server
console.warn: services.settings: Allow by setting MOZ_REMOTE_SETTINGS_DEVTOOLS=1 in the environment
1692397280316	Marionette	INFO	Marionette enabled
console.error: "Warning: unrecognized command line flag" "-detach"
1692397281325	Marionette	INFO	Listening on port 56892
WebDriver BiDi listening on ws://127.0.0.1:56887
Read port: 56892
1692397281561	RemoteAgent	WARN	TLS certificate errors will be ignored for this session
UNSUPPORTED (log once): POSSIBLE ISSUE: unit 1 GLD_TEXTURE_INDEX_2D is unloadable and bound to sampler type (Float) - using zero texture because texture unloadable
DevTools listening on ws://127.0.0.1:56887/devtools/browser/048807e3-4863-468f-ba42-87f877188f7c
1692397288165	Marionette	WARN	Ignoring event 'DOMContentLoaded' because document has an invalid readyState of 'complete'.
console.warn: LoginRecipes: "Falling back to a synchronous message for: https://publicwww.com."
console.warn: LoginRecipes: "Falling back to a synchronous message for: https://publicwww.com."
JavaScript error: https://publicwww.com/cluster/, line 685: TypeError: el.id is undefined
1692397690813	geckodriver	INFO	Listening on 127.0.0.1:57038
1692397691331	mozrunner::runner	INFO	Running command: MOZ_CRASHREPORTER="1" MOZ_CRASHREPORTER_NO_REPORT="1" MOZ_CRASHREPORTER_SHUTDOWN="1" MOZ_NO_REMOTE="1" "/App ... s" "localhost" "-foreground" "-no-remote" "-profile" "/var/folders/r3/c65jq73s6p7596zjs5j0df8r0000gr/T/rust_mozprofilelLUsfE"
console.warn: services.settings: Ignoring preference override of remote settings server
console.warn: services.settings: Allow by setting MOZ_REMOTE_SETTINGS_DEVTOOLS=1 in the environment
1692397692552	Marionette	INFO	Marionette enabled
console.error: "Warning: unrecognized command line flag" "-detach"
1692397693788	Marionette	INFO	Listening on port 57045
Read port: 57045
WebDriver BiDi listening on ws://127.0.0.1:57039
1692397693953	RemoteAgent	WARN	TLS certificate errors will be ignored for this session
UNSUPPORTED (log once): POSSIBLE ISSUE: unit 1 GLD_TEXTURE_INDEX_2D is unloadable and bound to sampler type (Float) - using zero texture because texture unloadable
DevTools listening on ws://127.0.0.1:57039/devtools/browser/ecc6a09f-a8ae-4a0f-9691-a11d0ccbc5b5
1692397701125	Marionette	WARN	Ignoring event 'DOMContentLoaded' because document has an invalid readyState of 'complete'.
console.warn: LoginRecipes: "Falling back to a synchronous message for: https://publicwww.com."
console.warn: LoginRecipes: "Falling back to a synchronous message for: https://publicwww.com."
JavaScript error: https://publicwww.com/cluster/, line 958: TypeError: el.id is undefined
1692397939645	Marionette	INFO	Stopped listening on port 56892
1692397942686	Marionette	INFO	Stopped listening on port 57045
